<?xml version="1.0" encoding="UTF-8"?>
<!-- Generated by org.testng.reporters.JUnitReportReporter -->
<testsuite hostname="Prashik-PC" failures="0" tests="1" name="Test_Cases.TC01_Account_Register" time="19.311" errors="0" timestamp="2024-10-30T18:58:59 IST" skipped="0">
  <testcase classname="Test_Cases.TC01_Account_Register" name="Register" time="19.311"/>
</testsuite> <!-- Test_Cases.TC01_Account_Register -->
